{
  "RSpec": {
    "coverage": {
      "/Users/denisk/projects/events/app/aggregates/account.rb": {
        "lines": [
          null,
          null,
          1,
          1,
          null,
          1,
          6,
          6,
          null,
          null,
          1,
          7,
          null,
          6,
          null,
          1,
          null,
          null,
          null,
          1,
          13,
          6,
          null,
          null
        ],
        "branches": {
          "[:case, 0, 12, 4, 17, 7]": {
            "[:when, 1, 14, 6, 14, 34]": 6,
            "[:when, 2, 16, 6, 16, 34]": 1,
            "[:else, 3, 12, 4, 17, 7]": 0
          }
        }
      },
      "/Users/denisk/projects/events/app/command_bus.rb": {
        "lines": [
          null,
          null,
          1,
          1,
          5,
          5,
          null,
          null,
          1,
          10,
          null,
          null,
          1,
          1,
          null,
          null,
          1,
          9,
          9,
          null,
          9,
          9,
          null,
          null,
          1,
          null,
          1,
          null,
          1,
          9,
          4,
          null,
          null,
          null
        ],
        "branches": {
          "[:unless, 0, 19, 4, 19, 69]": {
            "[:else, 1, 19, 4, 19, 69]": 9,
            "[:then, 2, 19, 4, 19, 54]": 0
          }
        }
      },
      "/Users/denisk/projects/events/app/commands/command.rb": {
        "lines": [
          null,
          null,
          1,
          null
        ],
        "branches": {}
      },
      "/Users/denisk/projects/events/app/commands/deposit_command.rb": {
        "lines": [
          null,
          null,
          1,
          1,
          null,
          1,
          5,
          5,
          5,
          null,
          null
        ],
        "branches": {}
      },
      "/Users/denisk/projects/events/app/commands/withdraw_command.rb": {
        "lines": [
          null,
          null,
          1,
          1,
          null,
          1,
          4,
          4,
          4,
          null,
          null
        ],
        "branches": {}
      },
      "/Users/denisk/projects/events/app/event_store.rb": {
        "lines": [
          null,
          null,
          1,
          1,
          10,
          null,
          null,
          1,
          8,
          null,
          null,
          1,
          7,
          null,
          null,
          1,
          null,
          1,
          null
        ],
        "branches": {}
      },
      "/Users/denisk/projects/events/app/events/event.rb": {
        "lines": [
          null,
          null,
          1,
          1,
          null,
          1,
          8,
          8,
          null,
          null
        ],
        "branches": {}
      },
      "/Users/denisk/projects/events/app/events/money_deposited.rb": {
        "lines": [
          null,
          null,
          1,
          1,
          null,
          1,
          5,
          5,
          null,
          null
        ],
        "branches": {}
      },
      "/Users/denisk/projects/events/app/events/money_withdrawn.rb": {
        "lines": [
          null,
          null,
          1,
          1,
          null,
          1,
          3,
          3,
          null,
          null
        ],
        "branches": {}
      },
      "/Users/denisk/projects/events/app/handlers/deposit_handler.rb": {
        "lines": [
          null,
          null,
          1,
          1,
          5,
          null,
          null,
          1,
          5,
          5,
          null,
          null,
          1,
          null,
          1,
          null
        ],
        "branches": {}
      },
      "/Users/denisk/projects/events/app/handlers/withdraw_handler.rb": {
        "lines": [
          null,
          null,
          1,
          1,
          5,
          null,
          null,
          1,
          4,
          4,
          null,
          4,
          null,
          3,
          3,
          null,
          null,
          1,
          null,
          1,
          null
        ],
        "branches": {
          "[:if, 0, 12, 4, 12, 66]": {
            "[:then, 1, 12, 4, 12, 30]": 1,
            "[:else, 2, 12, 4, 12, 66]": 3
          }
        }
      },
      "/Users/denisk/projects/events/app/main.rb": {
        "lines": [
          null,
          null,
          1,
          1,
          1,
          1,
          1,
          1,
          1,
          1,
          1,
          1,
          1,
          1,
          null,
          1,
          1,
          null,
          1,
          1,
          null,
          1,
          null,
          1,
          1
        ],
        "branches": {}
      },
      "/Users/denisk/projects/events/app/middleware/logging_middleware.rb": {
        "lines": [
          null,
          null,
          1,
          1,
          2,
          2,
          null,
          2,
          null,
          2,
          2,
          null,
          2,
          null,
          0,
          0,
          null,
          null
        ],
        "branches": {}
      }
    },
    "timestamp": 1749645476
  }
}
